<?xml version="1.0" encoding="UTF-8"?>
<testng-results skipped="0" failed="0" ignored="0" total="1" passed="1">
  <reporter-output>
  </reporter-output>
  <suite name="Default suite" duration-ms="31816" started-at="2017-03-10T08:51:46Z" finished-at="2017-03-10T08:52:18Z">
    <groups>
    </groups>
    <test name="Default test" duration-ms="31816" started-at="2017-03-10T08:51:46Z" finished-at="2017-03-10T08:52:18Z">
      <class name="NG.NewTest$TestNG">
        <test-method status="PASS" signature="beforeMethod()[pri:0, instance:NG.NewTest$TestNG@5b275dab]" name="beforeMethod" is-config="true" duration-ms="30759" started-at="2017-03-10T14:21:46Z" finished-at="2017-03-10T14:22:17Z">
          <reporter-output>
          </reporter-output>
        </test-method> <!-- beforeMethod -->
        <test-method status="PASS" signature="main()[pri:0, instance:NG.NewTest$TestNG@5b275dab]" name="main" duration-ms="1020" started-at="2017-03-10T14:22:17Z" finished-at="2017-03-10T14:22:18Z">
          <reporter-output>
          </reporter-output>
        </test-method> <!-- main -->
        <test-method status="PASS" signature="afterMethod()[pri:0, instance:NG.NewTest$TestNG@5b275dab]" name="afterMethod" is-config="true" duration-ms="11" started-at="2017-03-10T14:22:18Z" finished-at="2017-03-10T14:22:18Z">
          <reporter-output>
          </reporter-output>
        </test-method> <!-- afterMethod -->
      </class> <!-- NG.NewTest$TestNG -->
    </test> <!-- Default test -->
  </suite> <!-- Default suite -->
</testng-results>
